motor-control-module/build/outputs/logs/manifest-merger-debug-report.txt
-- Merging decision tree log ---
manifest
ADDED from src/main/AndroidManifest.xml:1:1-2:70
INJECTED from src/main/AndroidManifest.xml:1:1-2:70
INJECTED from src/main/AndroidManifest.xml:1:1-2:70
INJECTED from src/main/AndroidManifest.xml:1:1-2:70
INJECTED from src/main/AndroidManifest.xml:1:1-2:70
INJECTED from src/main/AndroidManifest.xml:1:1-2:70
INJECTED from src/main/AndroidManifest.xml:1:1-2:70
	package
		ADDED from src/main/AndroidManifest.xml:2:9-68
		INJECTED from src/main/AndroidManifest.xml
		INJECTED from src/main/AndroidManifest.xml
	android:versionName
		INJECTED from src/main/AndroidManifest.xml
		ADDED from src/main/AndroidManifest.xml:1:1-2:70
		INJECTED from src/main/AndroidManifest.xml
	xmlns:android
		ADDED from src/main/AndroidManifest.xml:1:1-2:70
	android:versionCode
		INJECTED from src/main/AndroidManifest.xml
		ADDED from src/main/AndroidManifest.xml:1:1-2:70
		INJECTED from src/main/AndroidManifest.xml
uses-sdk
INJECTED from src/main/AndroidManifest.xml reason: use-sdk injection requested
INJECTED from src/main/AndroidManifest.xml
INJECTED from src/main/AndroidManifest.xml
INJECTED from src/main/AndroidManifest.xml
INJECTED from src/main/AndroidManifest.xml
	android:targetSdkVersion
		INJECTED from src/main/AndroidManifest.xml
		ADDED from src/main/AndroidManifest.xml
		INJECTED from src/main/AndroidManifest.xml
	android:minSdkVersion
		INJECTED from src/main/AndroidManifest.xml
		ADDED from src/main/AndroidManifest.xml
		INJECTED from src/main/AndroidManifest.xml